Using pre-set license
Built from '2021.1/release' branch; Version is '2021.1.0f1 (61a549675243) revision 6399305'; Using compiler version '192528614'; Build Type 'Release'
OS: 'Windows 10 Home; OS build 19042.867; Version 2009; 64bit' Language: 'it' Physical Memory: 16224 MB
BatchMode: 1, IsHumanControllingUs: 0, StartBugReporterOnCrash: 0, Is64bit: 1, IsPro: 0

 COMMAND LINE ARGUMENTS:
E:\unity\2021.1.0f1\Editor\Unity.exe
-adb2
-batchMode
-noUpm
-name
AssetImportWorker0
-projectPath
C:/Users/rdagn/Documents/GitHub/2k30IsComing
-logFile
Logs/AssetImportWorker0.log
-srvPort
63776
Successfully changed project path to: C:/Users/rdagn/Documents/GitHub/2k30IsComing
C:/Users/rdagn/Documents/GitHub/2k30IsComing
Using Asset Import Pipeline V2.
Refreshing native plugins compatible for Editor in 91.28 ms, found 2 plugins.
Preloading 0 native plugins for Editor in 0.00 ms.
Initialize engine version: 2021.1.0f1 (61a549675243)
[Subsystems] Discovering subsystems at path E:/unity/2021.1.0f1/Editor/Data/Resources/UnitySubsystems
[Subsystems] Discovering subsystems at path C:/Users/rdagn/Documents/GitHub/2k30IsComing/Assets
GfxDevice: creating device client; threaded=0; jobified=0
Direct3D:
    Version:  Direct3D 11.0 [level 11.1]
    Renderer: AMD Radeon RX 5700 XT (ID=0x731f)
    Vendor:   ATI
    VRAM:     8151 MB
    Driver:   27.20.15003.1004
Initialize mono
Mono path[0] = 'E:/unity/2021.1.0f1/Editor/Data/Managed'
Mono path[1] = 'E:/unity/2021.1.0f1/Editor/Data/MonoBleedingEdge/lib/mono/unityjit'
Mono config path = 'E:/unity/2021.1.0f1/Editor/Data/MonoBleedingEdge/etc'
Using monoOptions --debugger-agent=transport=dt_socket,embedding=1,server=y,suspend=n,address=127.0.0.1:56008
Begin MonoManager ReloadAssembly
Registering precompiled unity dll's ...
Register platform support module: E:/unity/2021.1.0f1/Editor/Data/PlaybackEngines/WindowsStandaloneSupport/UnityEditor.WindowsStandalone.Extensions.dll
Registered in 0.000861 seconds.
Native extension for WindowsStandalone target not found
Refreshing native plugins compatible for Editor in 94.03 ms, found 2 plugins.
Preloading 0 native plugins for Editor in 0.00 ms.
Mono: successfully reloaded assembly
- Completed reload, in  0.973 seconds
Platform modules already initialized, skipping
Registering precompiled user dll's ...
Registered in 0.003842 seconds.
Begin MonoManager ReloadAssembly
Native extension for WindowsStandalone target not found
Refreshing native plugins compatible for Editor in 88.49 ms, found 2 plugins.
Preloading 0 native plugins for Editor in 0.00 ms.
Mono: successfully reloaded assembly
- Completed reload, in  1.051 seconds
Platform modules already initialized, skipping
========================================================================
Worker process is ready to serve import requests
Launched and connected shader compiler UnityShaderCompiler.exe after 0.05 seconds
Refreshing native plugins compatible for Editor in 0.96 ms, found 2 plugins.
Preloading 0 native plugins for Editor in 0.00 ms.
Unloading 3381 Unused Serialized files (Serialized files now loaded: 0)
System memory in use before: 129.4 MB.
System memory in use after: 129.4 MB.

Unloading 29 unused Assets to reduce memory usage. Loaded Objects now: 3833.
Total: 2.684800 ms (FindLiveObjects: 0.335600 ms CreateObjectMapping: 0.225500 ms MarkObjects: 2.023400 ms  DeleteObjects: 0.098400 ms)

========================================================================
Received Import Request.
  path: Assets/Scenes/gioco.unity
  artifactKey: Guid(49b03ef20bfa80a41a905f444347d029) Importer(815301076,1909f56bfc062723c751e8b465ee728b)
Start importing Assets/Scenes/gioco.unity using Guid(49b03ef20bfa80a41a905f444347d029) Importer(815301076,1909f56bfc062723c751e8b465ee728b)  -> (artifact id: 'e22e84d6736b931dcec2aef9ab6dcb40') in 0.015292 seconds 
========================================================================
Received Prepare
Refreshing native plugins compatible for Editor in 2.77 ms, found 2 plugins.
Preloading 0 native plugins for Editor in 0.00 ms.
Unloading 15 Unused Serialized files (Serialized files now loaded: 0)
System memory in use before: 61.8 MB.
System memory in use after: 61.9 MB.

Unloading 15 unused Assets to reduce memory usage. Loaded Objects now: 3833.
Total: 2.865400 ms (FindLiveObjects: 0.253000 ms CreateObjectMapping: 0.150800 ms MarkObjects: 2.322000 ms  DeleteObjects: 0.138200 ms)

========================================================================
Received Prepare
Registering precompiled user dll's ...
Registered in 0.003287 seconds.
Begin MonoManager ReloadAssembly
Native extension for WindowsStandalone target not found
Refreshing native plugins compatible for Editor in 0.66 ms, found 2 plugins.
Preloading 0 native plugins for Editor in 0.00 ms.
Mono: successfully reloaded assembly
- Completed reload, in  0.910 seconds
Platform modules already initialized, skipping
Refreshing native plugins compatible for Editor in 0.66 ms, found 2 plugins.
Preloading 0 native plugins for Editor in 0.00 ms.
Unloading 3363 Unused Serialized files (Serialized files now loaded: 0)
System memory in use before: 128.4 MB.
System memory in use after: 128.5 MB.

Unloading 17 unused Assets to reduce memory usage. Loaded Objects now: 3837.
Total: 2.635400 ms (FindLiveObjects: 0.351000 ms CreateObjectMapping: 0.204500 ms MarkObjects: 1.984600 ms  DeleteObjects: 0.094400 ms)

========================================================================
Received Import Request.
  Time since last request: 431.192288 seconds.
  path: Assets/script/domandaData.cs
  artifactKey: Guid(9686d51d26478494584150a6c6325976) Importer(815301076,1909f56bfc062723c751e8b465ee728b)
Start importing Assets/script/domandaData.cs using Guid(9686d51d26478494584150a6c6325976) Importer(815301076,1909f56bfc062723c751e8b465ee728b)  -> (artifact id: 'ea7a8e3b40a77a986fabcc054e5596db') in 0.030912 seconds 
AssetImportWorkerClient::OnTransportError - code=2 error=End of file
