Using pre-set license
Built from '2021.1/release' branch; Version is '2021.1.0f1 (61a549675243) revision 6399305'; Using compiler version '192528614'; Build Type 'Release'
OS: 'Windows 10 Home; OS build 19042.928; Version 2009; 64bit' Language: 'it' Physical Memory: 16224 MB
BatchMode: 1, IsHumanControllingUs: 0, StartBugReporterOnCrash: 0, Is64bit: 1, IsPro: 0

 COMMAND LINE ARGUMENTS:
E:\unity\2021.1.0f1\Editor\Unity.exe
-adb2
-batchMode
-noUpm
-name
AssetImportWorker0
-projectPath
C:/Users/rdagn/Documents/GitHub/2k30IsComing
-logFile
Logs/AssetImportWorker0.log
-srvPort
51989
Successfully changed project path to: C:/Users/rdagn/Documents/GitHub/2k30IsComing
C:/Users/rdagn/Documents/GitHub/2k30IsComing
Using Asset Import Pipeline V2.
Refreshing native plugins compatible for Editor in 83.84 ms, found 2 plugins.
Preloading 0 native plugins for Editor in 0.00 ms.
Initialize engine version: 2021.1.0f1 (61a549675243)
[Subsystems] Discovering subsystems at path E:/unity/2021.1.0f1/Editor/Data/Resources/UnitySubsystems
[Subsystems] Discovering subsystems at path C:/Users/rdagn/Documents/GitHub/2k30IsComing/Assets
GfxDevice: creating device client; threaded=0; jobified=0
Direct3D:
    Version:  Direct3D 11.0 [level 11.1]
    Renderer: AMD Radeon RX 5700 XT (ID=0x731f)
    Vendor:   ATI
    VRAM:     8151 MB
    Driver:   27.20.15003.1004
Initialize mono
Mono path[0] = 'E:/unity/2021.1.0f1/Editor/Data/Managed'
Mono path[1] = 'E:/unity/2021.1.0f1/Editor/Data/MonoBleedingEdge/lib/mono/unityjit'
Mono config path = 'E:/unity/2021.1.0f1/Editor/Data/MonoBleedingEdge/etc'
Using monoOptions --debugger-agent=transport=dt_socket,embedding=1,server=y,suspend=n,address=127.0.0.1:56160
Begin MonoManager ReloadAssembly
Registering precompiled unity dll's ...
Register platform support module: E:/unity/2021.1.0f1/Editor/Data/PlaybackEngines/WindowsStandaloneSupport/UnityEditor.WindowsStandalone.Extensions.dll
Registered in 0.000898 seconds.
Native extension for WindowsStandalone target not found
Refreshing native plugins compatible for Editor in 86.13 ms, found 2 plugins.
Preloading 0 native plugins for Editor in 0.00 ms.
Mono: successfully reloaded assembly
- Completed reload, in  1.009 seconds
Platform modules already initialized, skipping
Registering precompiled user dll's ...
Registered in 0.002998 seconds.
Begin MonoManager ReloadAssembly
Native extension for WindowsStandalone target not found
Refreshing native plugins compatible for Editor in 88.70 ms, found 2 plugins.
Preloading 0 native plugins for Editor in 0.00 ms.
Mono: successfully reloaded assembly
- Completed reload, in  1.124 seconds
Platform modules already initialized, skipping
========================================================================
Worker process is ready to serve import requests
Launched and connected shader compiler UnityShaderCompiler.exe after 0.16 seconds
Refreshing native plugins compatible for Editor in 0.66 ms, found 2 plugins.
Preloading 0 native plugins for Editor in 0.00 ms.
Unloading 3381 Unused Serialized files (Serialized files now loaded: 0)
System memory in use before: 129.4 MB.
System memory in use after: 129.5 MB.

Unloading 29 unused Assets to reduce memory usage. Loaded Objects now: 3833.
Total: 2.409300 ms (FindLiveObjects: 0.261800 ms CreateObjectMapping: 0.168100 ms MarkObjects: 1.876400 ms  DeleteObjects: 0.101700 ms)

========================================================================
Received Import Request.
  path: Assets/script/domandaUpdareDomande.cs
  artifactKey: Guid(f014ce3d594620247974aa9cd287f253) Importer(815301076,1909f56bfc062723c751e8b465ee728b)
Start importing Assets/script/domandaUpdareDomande.cs using Guid(f014ce3d594620247974aa9cd287f253) Importer(815301076,1909f56bfc062723c751e8b465ee728b)  -> (artifact id: '48a76734341f1790c19f6a6e6d93bafc') in 0.042743 seconds 
========================================================================
Received Prepare
Registering precompiled user dll's ...
Registered in 0.002702 seconds.
Begin MonoManager ReloadAssembly
Native extension for WindowsStandalone target not found
Refreshing native plugins compatible for Editor in 0.60 ms, found 2 plugins.
Preloading 0 native plugins for Editor in 0.00 ms.
Mono: successfully reloaded assembly
- Completed reload, in  0.966 seconds
Platform modules already initialized, skipping
Refreshing native plugins compatible for Editor in 0.70 ms, found 2 plugins.
Preloading 0 native plugins for Editor in 0.00 ms.
Unloading 3363 Unused Serialized files (Serialized files now loaded: 0)
System memory in use before: 128.4 MB.
System memory in use after: 128.5 MB.

Unloading 17 unused Assets to reduce memory usage. Loaded Objects now: 3837.
Total: 2.211700 ms (FindLiveObjects: 0.278000 ms CreateObjectMapping: 0.179900 ms MarkObjects: 1.669400 ms  DeleteObjects: 0.083400 ms)

========================================================================
Received Import Request.
  Time since last request: 19.075849 seconds.
  path: Assets/Scenes/gioco.unity
  artifactKey: Guid(49b03ef20bfa80a41a905f444347d029) Importer(815301076,1909f56bfc062723c751e8b465ee728b)
Start importing Assets/Scenes/gioco.unity using Guid(49b03ef20bfa80a41a905f444347d029) Importer(815301076,1909f56bfc062723c751e8b465ee728b)  -> (artifact id: '4d189cf45698afe31f9f8fe3391e5c80') in 0.020492 seconds 
========================================================================
Received Prepare
Registering precompiled user dll's ...
Registered in 0.002701 seconds.
Begin MonoManager ReloadAssembly
Native extension for WindowsStandalone target not found
Refreshing native plugins compatible for Editor in 0.59 ms, found 2 plugins.
Preloading 0 native plugins for Editor in 0.00 ms.
Mono: successfully reloaded assembly
- Completed reload, in  1.015 seconds
Platform modules already initialized, skipping
Refreshing native plugins compatible for Editor in 0.70 ms, found 2 plugins.
Preloading 0 native plugins for Editor in 0.00 ms.
Unloading 3363 Unused Serialized files (Serialized files now loaded: 0)
System memory in use before: 128.5 MB.
System memory in use after: 128.6 MB.

Unloading 17 unused Assets to reduce memory usage. Loaded Objects now: 3841.
Total: 2.308500 ms (FindLiveObjects: 0.300800 ms CreateObjectMapping: 0.219100 ms MarkObjects: 1.653500 ms  DeleteObjects: 0.134400 ms)

========================================================================
Received Import Request.
  Time since last request: 418.673222 seconds.
  path: Assets/script/domandaUpdareDomande.cs
  artifactKey: Guid(f014ce3d594620247974aa9cd287f253) Importer(815301076,1909f56bfc062723c751e8b465ee728b)
Start importing Assets/script/domandaUpdareDomande.cs using Guid(f014ce3d594620247974aa9cd287f253) Importer(815301076,1909f56bfc062723c751e8b465ee728b)  -> (artifact id: '8b81ec0d04d04edff983d07caa9e0a3e') in 0.005540 seconds 
========================================================================
Received Import Request.
  Time since last request: 1384.710581 seconds.
  path: Assets/script/domandaUpdareDomande.cs
  artifactKey: Guid(f014ce3d594620247974aa9cd287f253) Importer(815301076,1909f56bfc062723c751e8b465ee728b)
Start importing Assets/script/domandaUpdareDomande.cs using Guid(f014ce3d594620247974aa9cd287f253) Importer(815301076,1909f56bfc062723c751e8b465ee728b)  -> (artifact id: 'd77079f140367376951e778d43b67ddc') in 0.003779 seconds 
AssetImportWorkerClient::OnTransportError - code=2 error=End of file
